<?xml version="1.0" encoding="UTF-8"?>
<robot generator="Robot 6.1.1 (Python 3.11.9 on win32)" generated="20241114 13:18:54.825" rpa="false" schemaversion="4">
<suite id="s1" name="Register" source="c:\Users\Kirsi\Documents\TEKA3003\palautusrepo\osa3\login-robot\src\tests\register.robot">
<test id="s1-t1" name="Register With Too Short Username And Valid Password" line="8">
<status status="FAIL" starttime="20241114 13:18:54.900" endtime="20241114 13:18:54.903">Test cannot be empty.</status>
</test>
<status status="FAIL" starttime="20241114 13:18:54.836" endtime="20241114 13:18:54.909"/>
</suite>
<statistics>
<total>
<stat pass="0" fail="1" skip="0">All Tests</stat>
</total>
<tag>
</tag>
<suite>
<stat pass="0" fail="1" skip="0" id="s1" name="Register">Register</stat>
</suite>
</statistics>
<errors>
</errors>
</robot>
